This is pdfTeX, Version 3.141592653-2.6-1.40.25 (MiKTeX 23.5) (preloaded format=pdflatex 2023.7.10)  18 DEC 2023 19:35
entering extended mode
 restricted \write18 enabled.
 %&-line parsing enabled.
**C:/Users/kydah/Documents/GitHub/availability-thermal-mbps/doc/manuscript-figu
res.tex

(C:/Users/kydah/Documents/GitHub/availability-thermal-mbps/doc/manuscript-figur
es.tex
LaTeX2e <2023-06-01> patch level 1
L3 programming layer <2023-06-30>
(C:\Users\kydah\AppData\Local\Programs\MiKTeX\tex/latex/base\article.cls
Document Class: article 2023/05/17 v1.4n Standard LaTeX document class
(C:\Users\kydah\AppData\Local\Programs\MiKTeX\tex/latex/base\size10.clo
File: size10.clo 2023/05/17 v1.4n Standard LaTeX file (size option)
)
\c@part=\count185
\c@section=\count186
\c@subsection=\count187
\c@subsubsection=\count188
\c@paragraph=\count189
\c@subparagraph=\count190
\c@figure=\count191
\c@table=\count192
\abovecaptionskip=\skip48
\belowcaptionskip=\skip49
\bibindent=\dimen140
) (C:\Users\kydah\AppData\Local\Programs\MiKTeX\tex/latex/amsmath\amsmath.sty
Package: amsmath 2023/05/13 v2.17o AMS math features
\@mathmargin=\skip50
For additional information on amsmath, use the `?' option.
(C:\Users\kydah\AppData\Local\Programs\MiKTeX\tex/latex/amsmath\amstext.sty
Package: amstext 2021/08/26 v2.01 AMS text
(C:\Users\kydah\AppData\Local\Programs\MiKTeX\tex/latex/amsmath\amsgen.sty
File: amsgen.sty 1999/11/30 v2.0 generic functions
\@emptytoks=\toks17
\ex@=\dimen141
)) (C:\Users\kydah\AppData\Local\Programs\MiKTeX\tex/latex/amsmath\amsbsy.sty
Package: amsbsy 1999/11/29 v1.2d Bold Symbols
\pmbraise@=\dimen142
) (C:\Users\kydah\AppData\Local\Programs\MiKTeX\tex/latex/amsmath\amsopn.sty
Package: amsopn 2022/04/08 v2.04 operator names
)
\inf@bad=\count193
LaTeX Info: Redefining \frac on input line 234.
\uproot@=\count194
\leftroot@=\count195
LaTeX Info: Redefining \overline on input line 399.
LaTeX Info: Redefining \colon on input line 410.
\classnum@=\count196
\DOTSCASE@=\count197
LaTeX Info: Redefining \ldots on input line 496.
LaTeX Info: Redefining \dots on input line 499.
LaTeX Info: Redefining \cdots on input line 620.
\Mathstrutbox@=\box51
\strutbox@=\box52
LaTeX Info: Redefining \big on input line 722.
LaTeX Info: Redefining \Big on input line 723.
LaTeX Info: Redefining \bigg on input line 724.
LaTeX Info: Redefining \Bigg on input line 725.
\big@size=\dimen143
LaTeX Font Info:    Redeclaring font encoding OML on input line 743.
LaTeX Font Info:    Redeclaring font encoding OMS on input line 744.
\macc@depth=\count198
LaTeX Info: Redefining \bmod on input line 905.
LaTeX Info: Redefining \pmod on input line 910.
LaTeX Info: Redefining \smash on input line 940.
LaTeX Info: Redefining \relbar on input line 970.
LaTeX Info: Redefining \Relbar on input line 971.
\c@MaxMatrixCols=\count199
\dotsspace@=\muskip16
\c@parentequation=\count266
\dspbrk@lvl=\count267
\tag@help=\toks18
\row@=\count268
\column@=\count269
\maxfields@=\count270
\andhelp@=\toks19
\eqnshift@=\dimen144
\alignsep@=\dimen145
\tagshift@=\dimen146
\tagwidth@=\dimen147
\totwidth@=\dimen148
\lineht@=\dimen149
\@envbody=\toks20
\multlinegap=\skip51
\multlinetaggap=\skip52
\mathdisplay@stack=\toks21
LaTeX Info: Redefining \[ on input line 2953.
LaTeX Info: Redefining \] on input line 2954.
) (C:\Users\kydah\AppData\Local\Programs\MiKTeX\tex/latex/amsfonts\amssymb.sty
Package: amssymb 2013/01/14 v3.01 AMS font symbols
(C:\Users\kydah\AppData\Local\Programs\MiKTeX\tex/latex/amsfonts\amsfonts.sty
Package: amsfonts 2013/01/14 v3.01 Basic AMSFonts support
\symAMSa=\mathgroup4
\symAMSb=\mathgroup5
LaTeX Font Info:    Redeclaring math symbol \hbar on input line 98.
LaTeX Font Info:    Overwriting math alphabet `\mathfrak' in version `bold'
(Font)                  U/euf/m/n --> U/euf/b/n on input line 106.
)) (C:\Users\kydah\AppData\Local\Programs\MiKTeX\tex/generic/iftex\iftex.sty
Package: iftex 2022/02/03 v1.0f TeX engine tests
) (C:\Users\kydah\AppData\Local\Programs\MiKTeX\tex/latex/base\fontenc.sty
Package: fontenc 2021/04/29 v2.0v Standard LaTeX package
) (C:\Users\kydah\AppData\Local\Programs\MiKTeX\tex/latex/base\inputenc.sty
Package: inputenc 2021/02/14 v1.3d Input encoding file
\inpenc@prehook=\toks22
\inpenc@posthook=\toks23
) (C:\Users\kydah\AppData\Local\Programs\MiKTeX\tex/latex/base\textcomp.sty
Package: textcomp 2020/02/02 v2.0n Standard LaTeX package
) (C:\Users\kydah\AppData\Local\Programs\MiKTeX\tex/latex/lm\lmodern.sty
Package: lmodern 2015/05/01 v1.6.1 Latin Modern Fonts
LaTeX Font Info:    Overwriting symbol font `operators' in version `normal'
(Font)                  OT1/cmr/m/n --> OT1/lmr/m/n on input line 22.
LaTeX Font Info:    Overwriting symbol font `letters' in version `normal'
(Font)                  OML/cmm/m/it --> OML/lmm/m/it on input line 23.
LaTeX Font Info:    Overwriting symbol font `symbols' in version `normal'
(Font)                  OMS/cmsy/m/n --> OMS/lmsy/m/n on input line 24.
LaTeX Font Info:    Overwriting symbol font `largesymbols' in version `normal'
(Font)                  OMX/cmex/m/n --> OMX/lmex/m/n on input line 25.
LaTeX Font Info:    Overwriting symbol font `operators' in version `bold'
(Font)                  OT1/cmr/bx/n --> OT1/lmr/bx/n on input line 26.
LaTeX Font Info:    Overwriting symbol font `letters' in version `bold'
(Font)                  OML/cmm/b/it --> OML/lmm/b/it on input line 27.
LaTeX Font Info:    Overwriting symbol font `symbols' in version `bold'
(Font)                  OMS/cmsy/b/n --> OMS/lmsy/b/n on input line 28.
LaTeX Font Info:    Overwriting symbol font `largesymbols' in version `bold'
(Font)                  OMX/cmex/m/n --> OMX/lmex/m/n on input line 29.
LaTeX Font Info:    Overwriting math alphabet `\mathbf' in version `normal'
(Font)                  OT1/cmr/bx/n --> OT1/lmr/bx/n on input line 31.
LaTeX Font Info:    Overwriting math alphabet `\mathsf' in version `normal'
(Font)                  OT1/cmss/m/n --> OT1/lmss/m/n on input line 32.
LaTeX Font Info:    Overwriting math alphabet `\mathit' in version `normal'
(Font)                  OT1/cmr/m/it --> OT1/lmr/m/it on input line 33.
LaTeX Font Info:    Overwriting math alphabet `\mathtt' in version `normal'
(Font)                  OT1/cmtt/m/n --> OT1/lmtt/m/n on input line 34.
LaTeX Font Info:    Overwriting math alphabet `\mathbf' in version `bold'
(Font)                  OT1/cmr/bx/n --> OT1/lmr/bx/n on input line 35.
LaTeX Font Info:    Overwriting math alphabet `\mathsf' in version `bold'
(Font)                  OT1/cmss/bx/n --> OT1/lmss/bx/n on input line 36.
LaTeX Font Info:    Overwriting math alphabet `\mathit' in version `bold'
(Font)                  OT1/cmr/bx/it --> OT1/lmr/bx/it on input line 37.
LaTeX Font Info:    Overwriting math alphabet `\mathtt' in version `bold'
(Font)                  OT1/cmtt/m/n --> OT1/lmtt/m/n on input line 38.
) (C:\Users\kydah\AppData\Local\Programs\MiKTeX\tex/latex/upquote\upquote.sty
Package: upquote 2012/04/19 v1.3 upright-quote and grave-accent glyphs in verba
tim
)
(C:\Users\kydah\AppData\Local\Programs\MiKTeX\tex/latex/microtype\microtype.sty
Package: microtype 2023/03/13 v3.1a Micro-typographical refinements (RS)
(C:\Users\kydah\AppData\Local\Programs\MiKTeX\tex/latex/graphics\keyval.sty
Package: keyval 2022/05/29 v1.15 key=value parser (DPC)
\KV@toks@=\toks24
) (C:\Users\kydah\AppData\Local\Programs\MiKTeX\tex/latex/etoolbox\etoolbox.sty
Package: etoolbox 2020/10/05 v2.5k e-TeX tools for LaTeX (JAW)
\etb@tempcnta=\count271
)
\MT@toks=\toks25
\MT@tempbox=\box53
\MT@count=\count272
LaTeX Info: Redefining \noprotrusionifhmode on input line 1059.
LaTeX Info: Redefining \leftprotrusion on input line 1060.
\MT@prot@toks=\toks26
LaTeX Info: Redefining \rightprotrusion on input line 1078.
LaTeX Info: Redefining \textls on input line 1368.
\MT@outer@kern=\dimen150
LaTeX Info: Redefining \textmicrotypecontext on input line 1988.
\MT@listname@count=\count273

(C:\Users\kydah\AppData\Local\Programs\MiKTeX\tex/latex/microtype\microtype-pdf
tex.def
File: microtype-pdftex.def 2023/03/13 v3.1a Definitions specific to pdftex (RS)

LaTeX Info: Redefining \lsstyle on input line 902.
LaTeX Info: Redefining \lslig on input line 902.
\MT@outer@space=\skip53
)
Package microtype Info: Loading configuration file microtype.cfg.

(C:\Users\kydah\AppData\Local\Programs\MiKTeX\tex/latex/microtype\microtype.cfg
File: microtype.cfg 2023/03/13 v3.1a microtype main configuration file (RS)
)) (C:\Users\kydah\AppData\Local\Programs\MiKTeX\tex/latex/parskip\parskip.sty
Package: parskip 2021-03-14 v2.0h non-zero parskip adjustments

(C:\Users\kydah\AppData\Local\Programs\MiKTeX\tex/latex/kvoptions\kvoptions.sty
Package: kvoptions 2022-06-15 v3.15 Key value format for package options (HO)
(C:\Users\kydah\AppData\Local\Programs\MiKTeX\tex/generic/ltxcmds\ltxcmds.sty
Package: ltxcmds 2020-05-10 v1.25 LaTeX kernel commands for general use (HO)
)
(C:\Users\kydah\AppData\Local\Programs\MiKTeX\tex/latex/kvsetkeys\kvsetkeys.sty
Package: kvsetkeys 2022-10-05 v1.19 Key value parser (HO)
))) (C:\Users\kydah\AppData\Local\Programs\MiKTeX\tex/latex/xcolor\xcolor.sty
Package: xcolor 2022/06/12 v2.14 LaTeX color extensions (UK)
(C:\Users\kydah\AppData\Local\Programs\MiKTeX\tex/latex/graphics-cfg\color.cfg
File: color.cfg 2016/01/02 v1.6 sample color configuration
)
Package xcolor Info: Driver file: pdftex.def on input line 227.

(C:\Users\kydah\AppData\Local\Programs\MiKTeX\tex/latex/graphics-def\pdftex.def
File: pdftex.def 2022/09/22 v1.2b Graphics/color driver for pdftex
) (C:\Users\kydah\AppData\Local\Programs\MiKTeX\tex/latex/graphics\mathcolor.lt
x)
Package xcolor Info: Model `cmy' substituted by `cmy0' on input line 1353.
Package xcolor Info: Model `hsb' substituted by `rgb' on input line 1357.
Package xcolor Info: Model `RGB' extended on input line 1369.
Package xcolor Info: Model `HTML' substituted by `rgb' on input line 1371.
Package xcolor Info: Model `Hsb' substituted by `hsb' on input line 1372.
Package xcolor Info: Model `tHsb' substituted by `hsb' on input line 1373.
Package xcolor Info: Model `HSB' substituted by `hsb' on input line 1374.
Package xcolor Info: Model `Gray' substituted by `gray' on input line 1375.
Package xcolor Info: Model `wave' substituted by `hsb' on input line 1376.
) (C:\Users\kydah\AppData\Local\Programs\MiKTeX\tex/latex/geometry\geometry.sty
Package: geometry 2020/01/02 v5.9 Page Geometry
(C:\Users\kydah\AppData\Local\Programs\MiKTeX\tex/generic/iftex\ifvtex.sty
Package: ifvtex 2019/10/25 v1.7 ifvtex legacy package. Use iftex instead.
)
\Gm@cnth=\count274
\Gm@cntv=\count275
\c@Gm@tempcnt=\count276
\Gm@bindingoffset=\dimen151
\Gm@wd@mp=\dimen152
\Gm@odd@mp=\dimen153
\Gm@even@mp=\dimen154
\Gm@layoutwidth=\dimen155
\Gm@layoutheight=\dimen156
\Gm@layouthoffset=\dimen157
\Gm@layoutvoffset=\dimen158
\Gm@dimlist=\toks27
(C:\Users\kydah\AppData\Local\Programs\MiKTeX\tex/latex/geometry\geometry.cfg))
(C:\Users\kydah\AppData\Local\Programs\MiKTeX\tex/latex/graphics\graphicx.sty
Package: graphicx 2021/09/16 v1.2d Enhanced LaTeX Graphics (DPC,SPQR)
(C:\Users\kydah\AppData\Local\Programs\MiKTeX\tex/latex/graphics\graphics.sty
Package: graphics 2022/03/10 v1.4e Standard LaTeX Graphics (DPC,SPQR)
(C:\Users\kydah\AppData\Local\Programs\MiKTeX\tex/latex/graphics\trig.sty
Package: trig 2021/08/11 v1.11 sin cos tan (DPC)
)
(C:\Users\kydah\AppData\Local\Programs\MiKTeX\tex/latex/graphics-cfg\graphics.c
fg
File: graphics.cfg 2016/06/04 v1.11 sample graphics configuration
)
Package graphics Info: Driver file: pdftex.def on input line 107.
)
\Gin@req@height=\dimen159
\Gin@req@width=\dimen160
) (C:\Users\kydah\AppData\Local\Programs\MiKTeX\tex/latex/graphics\epsfig.sty
Package: epsfig 2017/06/25 v1.7b (e)psfig emulation (SPQR)
\epsfxsize=\dimen161
\epsfysize=\dimen162
) (C:\Users\kydah\AppData\Local\Programs\MiKTeX\tex/latex/amscls\amsthm.sty
Package: amsthm 2020/05/29 v2.20.6
\thm@style=\toks28
\thm@bodyfont=\toks29
\thm@headfont=\toks30
\thm@notefont=\toks31
\thm@headpunct=\toks32
\thm@preskip=\skip54
\thm@postskip=\skip55
\thm@headsep=\skip56
\dth@everypar=\toks33
) (C:\Users\kydah\AppData\Local\Programs\MiKTeX\tex/generic/xypic\xy.sty (C:\Us
ers\kydah\AppData\Local\Programs\MiKTeX\tex/generic/xypic\xy.tex Bootstrap'ing:
catcodes, docmode, (C:\Users\kydah\AppData\Local\Programs\MiKTeX\tex/generic/xy
pic\xyrecat.tex) (C:\Users\kydah\AppData\Local\Programs\MiKTeX\tex/generic/xypi
c\xyidioms.tex)

 Xy-pic version 3.8.9 <2013/10/06>
 Copyright (c) 1991-2013 by Kristoffer H. Rose <krisrose@tug.org> and others
 Xy-pic is free software: see the User's Guide for details.

Loading kernel: messages; fonts; allocations: state,
\X@c=\dimen163
\Y@c=\dimen164
\U@c=\dimen165
\D@c=\dimen166
\L@c=\dimen167
\R@c=\dimen168
\Edge@c=\toks34
\X@p=\dimen169
\Y@p=\dimen170
\U@p=\dimen171
\D@p=\dimen172
\L@p=\dimen173
\R@p=\dimen174
\Edge@p=\toks35
\X@origin=\dimen175
\Y@origin=\dimen176
\X@xbase=\dimen177
\Y@xbase=\dimen178
\X@ybase=\dimen179
\Y@ybase=\dimen180
\X@min=\dimen181
\Y@min=\dimen182
\X@max=\dimen183
\Y@max=\dimen184
\lastobjectbox@=\box54
\zerodotbox@=\box55
\almostz@=\dimen185
direction,
\d@X=\dimen186
\d@Y=\dimen187
\K@=\count277
\KK@=\count278
\Direction=\count279
\K@dXdY=\dimen188
\K@dYdX=\dimen189
\xyread@=\read2
\xywrite@=\write3
\csp@=\count280
\quotPTK@=\dimen190
utility macros; pictures: \xy, positions,
\swaptoks@@=\toks36
\connectobjectbox@@=\box56
objects,
\styletoks@=\toks37
decorations; kernel objects: directionals, circles, text; options; algorithms: 
directions, edges, connections;  Xy-pic loaded) (C:\Users\kydah\AppData\Local\P
rograms\MiKTeX\tex/generic/iftex\ifpdf.sty
Package: ifpdf 2019/10/25 v3.4 ifpdf legacy package. Use iftex instead.
)
Package: xy 2013/10/06 Xy-pic version 3.8.9
(C:\Users\kydah\AppData\Local\Programs\MiKTeX\tex/generic/xypic\xyall.tex  Xy-p
ic option: All features v.3.8 (C:\Users\kydah\AppData\Local\Programs\MiKTeX\tex
/generic/xypic\xycurve.tex  Xy-pic option: Curve and Spline extension v.3.12 cu
rve,
\crv@cnt@=\count281
\crvpts@=\toks38
\splinebox@=\box57
\splineval@=\dimen191
\splinedepth@=\dimen192
\splinetol@=\dimen193
\splinelength@=\dimen194
circles,
\L@=\dimen195
loaded) (C:\Users\kydah\AppData\Local\Programs\MiKTeX\tex/generic/xypic\xyframe
.tex  Xy-pic option: Frame and Bracket extension v.3.14 loaded) (C:\Users\kydah
\AppData\Local\Programs\MiKTeX\tex/generic/xypic\xycmtip.tex  Xy-pic option: Co
mputer Modern tip extension v.3.7 (C:\Users\kydah\AppData\Local\Programs\MiKTeX
\tex/generic/xypic\xytips.tex  Xy-pic option: More Tips extension v.3.11 loaded
) loaded) (C:\Users\kydah\AppData\Local\Programs\MiKTeX\tex/generic/xypic\xylin
e.tex  Xy-pic option: Line styles extension v.3.10
\xylinethick@=\dimen196
loaded) (C:\Users\kydah\AppData\Local\Programs\MiKTeX\tex/generic/xypic\xyrotat
e.tex  Xy-pic option: Rotate and Scale extension v.3.8 loaded) (C:\Users\kydah\
AppData\Local\Programs\MiKTeX\tex/generic/xypic\xycolor.tex  Xy-pic option: Col
our extension v.3.11 loaded) (C:\Users\kydah\AppData\Local\Programs\MiKTeX\tex/
generic/xypic\xymatrix.tex  Xy-pic option: Matrix feature v.3.14
\Row=\count282
\Col=\count283
\queue@=\toks39
\queue@@=\toks40
\qcount@=\count284
\qcount@@=\count285
\matrixsize@=\count286
loaded) (C:\Users\kydah\AppData\Local\Programs\MiKTeX\tex/generic/xypic\xyarrow
.tex  Xy-pic option: Arrow and Path feature v.3.9 path, \ar, loaded) (C:\Users\
kydah\AppData\Local\Programs\MiKTeX\tex/generic/xypic\xygraph.tex  Xy-pic optio
n: Graph feature v.3.11 loaded) loaded) (C:\Users\kydah\AppData\Local\Programs\
MiKTeX\tex/generic/xypic\xypdf.tex  Xy-pic option: PDF driver v.1.7 Xy-pic pdf 
driver: `color' extension support (C:\Users\kydah\AppData\Local\Programs\MiKTeX
\tex/generic/xypic\xypdf-co.tex loaded) Xy-pic pdf driver: `curve' extension su
pport (C:\Users\kydah\AppData\Local\Programs\MiKTeX\tex/generic/xypic\xypdf-cu.
tex loaded) Xy-pic pdf driver: `frame' extension support (C:\Users\kydah\AppDat
a\Local\Programs\MiKTeX\tex/generic/xypic\xypdf-fr.tex loaded) Xy-pic pdf drive
r: `line' extension support (C:\Users\kydah\AppData\Local\Programs\MiKTeX\tex/g
eneric/xypic\xypdf-li.tex loaded) Xy-pic pdf driver: `rotate' extension support
(C:\Users\kydah\AppData\Local\Programs\MiKTeX\tex/generic/xypic\xypdf-ro.tex lo
aded) loaded))
(C:\Users\kydah\AppData\Local\Programs\MiKTeX\tex/latex/mathtools\mathtools.sty
Package: mathtools 2022/06/29 v1.29 mathematical typesetting tools
(C:\Users\kydah\AppData\Local\Programs\MiKTeX\tex/latex/tools\calc.sty
Package: calc 2017/05/25 v4.3 Infix arithmetic (KKT,FJ)
\calc@Acount=\count287
\calc@Bcount=\count288
\calc@Adimen=\dimen197
\calc@Bdimen=\dimen198
\calc@Askip=\skip57
\calc@Bskip=\skip58
LaTeX Info: Redefining \setlength on input line 80.
LaTeX Info: Redefining \addtolength on input line 81.
\calc@Ccount=\count289
\calc@Cskip=\skip59
) (C:\Users\kydah\AppData\Local\Programs\MiKTeX\tex/latex/mathtools\mhsetup.sty
Package: mhsetup 2021/03/18 v1.4 programming setup (MH)
)
\g_MT_multlinerow_int=\count290
\l_MT_multwidth_dim=\dimen199
\origjot=\skip60
\l_MT_shortvdotswithinadjustabove_dim=\dimen256
\l_MT_shortvdotswithinadjustbelow_dim=\dimen257
\l_MT_above_intertext_sep=\dimen258
\l_MT_below_intertext_sep=\dimen259
\l_MT_above_shortintertext_sep=\dimen260
\l_MT_below_shortintertext_sep=\dimen261
\xmathstrut@box=\box58
\xmathstrut@dim=\dimen262
) (C:\Users\kydah\AppData\Local\Programs\MiKTeX\tex/latex/jknappen\mathrsfs.sty
Package: mathrsfs 1996/01/01 Math RSFS package v1.0 (jk)
\symrsfs=\mathgroup6
)
\c@lemma=\count291
\c@theorem=\count292
(C:\Users\kydah\AppData\Local\Programs\MiKTeX\tex/latex/tools\tabularx.sty
Package: tabularx 2020/01/15 v2.11c `tabularx' package (DPC)
(C:\Users\kydah\AppData\Local\Programs\MiKTeX\tex/latex/tools\array.sty
Package: array 2022/09/04 v2.5g Tabular extension package (FMi)
\col@sep=\dimen263
\ar@mcellbox=\box59
\extrarowheight=\dimen264
\NC@list=\toks41
\extratabsurround=\skip61
\backup@length=\skip62
\ar@cellbox=\box60
)
\TX@col@width=\dimen265
\TX@old@table=\dimen266
\TX@old@col=\dimen267
\TX@target=\dimen268
\TX@delta=\dimen269
\TX@cols=\count293
\TX@ftn=\toks42
) (C:\Users\kydah\AppData\Local\Programs\MiKTeX\tex/latex/makecell\makecell.sty
Package: makecell 2009/08/03 V0.1e Managing of Tab Column Heads and Cells
\rotheadsize=\dimen270
\c@nlinenum=\count294
\TeXr@lab=\toks43
) (C:\Users\kydah\AppData\Local\Programs\MiKTeX\tex/latex/multirow\multirow.sty
Package: multirow 2021/03/15 v2.8 Span multiple rows of a table
\multirow@colwidth=\skip63
\multirow@cntb=\count295
\multirow@dima=\skip64
\bigstrutjot=\dimen271
) (C:\Users\kydah\AppData\Local\Programs\MiKTeX\tex/latex/float\float.sty
Package: float 2001/11/08 v1.3d Float enhancements (AL)
\c@float@type=\count296
\float@exts=\toks44
\float@box=\box61
\@float@everytoks=\toks45
\@floatcapt=\box62
) (C:\Users\kydah\AppData\Local\Programs\MiKTeX\tex/latex/bookmark\bookmark.sty
Package: bookmark 2020-11-06 v1.29 PDF bookmarks (HO)
(C:\Users\kydah\AppData\Local\Programs\MiKTeX\tex/latex/hyperref\hyperref.sty
Package: hyperref 2023-06-25 v7.01a Hypertext links for LaTeX

(C:\Users\kydah\AppData\Local\Programs\MiKTeX\tex/generic/pdftexcmds\pdftexcmds
.sty
Package: pdftexcmds 2020-06-27 v0.33 Utility functions of pdfTeX for LuaTeX (HO
)

(C:\Users\kydah\AppData\Local\Programs\MiKTeX\tex/generic/infwarerr\infwarerr.s
ty
Package: infwarerr 2019/12/03 v1.5 Providing info/warning/error messages (HO)
)
Package pdftexcmds Info: \pdf@primitive is available.
Package pdftexcmds Info: \pdf@ifprimitive is available.
Package pdftexcmds Info: \pdfdraftmode found.
)
(C:\Users\kydah\AppData\Local\Programs\MiKTeX\tex/generic/kvdefinekeys\kvdefine
keys.sty
Package: kvdefinekeys 2019-12-19 v1.6 Define keys (HO)
)
(C:\Users\kydah\AppData\Local\Programs\MiKTeX\tex/generic/pdfescape\pdfescape.s
ty
Package: pdfescape 2019/12/09 v1.15 Implements pdfTeX's escape features (HO)
) (C:\Users\kydah\AppData\Local\Programs\MiKTeX\tex/latex/hycolor\hycolor.sty
Package: hycolor 2020-01-27 v1.10 Color options for hyperref/bookmark (HO)
)
(C:\Users\kydah\AppData\Local\Programs\MiKTeX\tex/latex/letltxmacro\letltxmacro
.sty
Package: letltxmacro 2019/12/03 v1.6 Let assignment for LaTeX macros (HO)
) (C:\Users\kydah\AppData\Local\Programs\MiKTeX\tex/latex/auxhook\auxhook.sty
Package: auxhook 2019-12-17 v1.6 Hooks for auxiliary files (HO)
) (C:\Users\kydah\AppData\Local\Programs\MiKTeX\tex/latex/hyperref\nameref.sty
Package: nameref 2023-06-18 v2.52 Cross-referencing by name of section
(C:\Users\kydah\AppData\Local\Programs\MiKTeX\tex/latex/refcount\refcount.sty
Package: refcount 2019/12/15 v3.6 Data extraction from label references (HO)
)
(C:\Users\kydah\AppData\Local\Programs\MiKTeX\tex/generic/gettitlestring\gettit
lestring.sty
Package: gettitlestring 2019/12/15 v1.6 Cleanup title references (HO)
)
\c@section@level=\count297
)
\@linkdim=\dimen272
\Hy@linkcounter=\count298
\Hy@pagecounter=\count299
(C:\Users\kydah\AppData\Local\Programs\MiKTeX\tex/latex/hyperref\pd1enc.def
File: pd1enc.def 2023-06-25 v7.01a Hyperref: PDFDocEncoding definition (HO)
Now handling font encoding PD1 ...
... no UTF-8 mapping file for font encoding PD1
) (C:\Users\kydah\AppData\Local\Programs\MiKTeX\tex/generic/intcalc\intcalc.sty
Package: intcalc 2019/12/15 v1.3 Expandable calculations with integers (HO)
)
\Hy@SavedSpaceFactor=\count300
(C:\Users\kydah\AppData\Local\Programs\MiKTeX\tex/latex/hyperref\puenc.def
File: puenc.def 2023-06-25 v7.01a Hyperref: PDF Unicode definition (HO)
Now handling font encoding PU ...
... no UTF-8 mapping file for font encoding PU
)
Package hyperref Info: Option `unicode' set `true' on input line 4050.
Package hyperref Info: Hyper figures OFF on input line 4167.
Package hyperref Info: Link nesting OFF on input line 4172.
Package hyperref Info: Hyper index ON on input line 4175.
Package hyperref Info: Plain pages OFF on input line 4182.
Package hyperref Info: Backreferencing OFF on input line 4187.
Package hyperref Info: Implicit mode ON; LaTeX internals redefined.
Package hyperref Info: Bookmarks ON on input line 4434.
\c@Hy@tempcnt=\count301
(C:\Users\kydah\AppData\Local\Programs\MiKTeX\tex/latex/url\url.sty
\Urlmuskip=\muskip17
Package: url 2013/09/16  ver 3.4  Verb mode for urls, etc.
)
LaTeX Info: Redefining \url on input line 4772.
\XeTeXLinkMargin=\dimen273
(C:\Users\kydah\AppData\Local\Programs\MiKTeX\tex/generic/bitset\bitset.sty
Package: bitset 2019/12/09 v1.3 Handle bit-vector datatype (HO)

(C:\Users\kydah\AppData\Local\Programs\MiKTeX\tex/generic/bigintcalc\bigintcalc
.sty
Package: bigintcalc 2019/12/15 v1.5 Expandable calculations on big integers (HO
)
))
\Fld@menulength=\count302
\Field@Width=\dimen274
\Fld@charsize=\dimen275
Package hyperref Info: Hyper figures OFF on input line 6051.
Package hyperref Info: Link nesting OFF on input line 6056.
Package hyperref Info: Hyper index ON on input line 6059.
Package hyperref Info: backreferencing OFF on input line 6066.
Package hyperref Info: Link coloring OFF on input line 6071.
Package hyperref Info: Link coloring with OCG OFF on input line 6076.
Package hyperref Info: PDF/A mode OFF on input line 6081.
(C:\Users\kydah\AppData\Local\Programs\MiKTeX\tex/latex/base\atbegshi-ltx.sty
Package: atbegshi-ltx 2021/01/10 v1.0c Emulation of the original atbegshi
package with kernel methods
)
\Hy@abspage=\count303
\c@Item=\count304
\c@Hfootnote=\count305
)
Package hyperref Info: Driver (autodetected): hpdftex.
(C:\Users\kydah\AppData\Local\Programs\MiKTeX\tex/latex/hyperref\hpdftex.def
File: hpdftex.def 2023-06-25 v7.01a Hyperref driver for pdfTeX
(C:\Users\kydah\AppData\Local\Programs\MiKTeX\tex/latex/base\atveryend-ltx.sty
Package: atveryend-ltx 2020/08/19 v1.0a Emulation of the original atveryend pac
kage
with kernel methods
)
\Fld@listcount=\count306
\c@bookmark@seq@number=\count307

(C:\Users\kydah\AppData\Local\Programs\MiKTeX\tex/latex/rerunfilecheck\rerunfil
echeck.sty
Package: rerunfilecheck 2022-07-10 v1.10 Rerun checks for auxiliary files (HO)

(C:\Users\kydah\AppData\Local\Programs\MiKTeX\tex/generic/uniquecounter\uniquec
ounter.sty
Package: uniquecounter 2019/12/15 v1.4 Provide unlimited unique counter (HO)
)
Package uniquecounter Info: New unique counter `rerunfilecheck' on input line 2
85.
)
\Hy@SectionHShift=\skip65
)
(C:\Users\kydah\AppData\Local\Programs\MiKTeX\tex/latex/bookmark\bkm-pdftex.def
File: bkm-pdftex.def 2020-11-06 v1.29 bookmark driver for pdfTeX (HO)
\BKM@id=\count308
)) (C:\Users\kydah\AppData\Local\Programs\MiKTeX\tex/latex/xurl\xurl.sty
Package: xurl 2022/01/09 v 0.10 modify URL breaks
)
LaTeX Font Info:    Trying to load font information for T1+lmr on input line 98
.
(C:\Users\kydah\AppData\Local\Programs\MiKTeX\tex/latex/lm\t1lmr.fd
File: t1lmr.fd 2015/05/01 v1.6.1 Font defs for Latin Modern
)
(C:\Users\kydah\AppData\Local\Programs\MiKTeX\tex/latex/l3backend\l3backend-pdf
tex.def
File: l3backend-pdftex.def 2023-04-19 L3 backend support: PDF output (pdfTeX)
\l__color_backend_stack_int=\count309
\l__pdf_internal_box=\box63
) (manuscript-figures.aux

LaTeX Warning: Label `fig:MosquitoThermalTraits' multiply defined.

)
\openout1 = `manuscript-figures.aux'.

LaTeX Font Info:    Checking defaults for OML/cmm/m/it on input line 98.
LaTeX Font Info:    ... okay on input line 98.
LaTeX Font Info:    Checking defaults for OMS/cmsy/m/n on input line 98.
LaTeX Font Info:    ... okay on input line 98.
LaTeX Font Info:    Checking defaults for OT1/cmr/m/n on input line 98.
LaTeX Font Info:    ... okay on input line 98.
LaTeX Font Info:    Checking defaults for T1/cmr/m/n on input line 98.
LaTeX Font Info:    ... okay on input line 98.
LaTeX Font Info:    Checking defaults for TS1/cmr/m/n on input line 98.
LaTeX Font Info:    ... okay on input line 98.
LaTeX Font Info:    Checking defaults for OMX/cmex/m/n on input line 98.
LaTeX Font Info:    ... okay on input line 98.
LaTeX Font Info:    Checking defaults for U/cmr/m/n on input line 98.
LaTeX Font Info:    ... okay on input line 98.
LaTeX Font Info:    Checking defaults for PD1/pdf/m/n on input line 98.
LaTeX Font Info:    ... okay on input line 98.
LaTeX Font Info:    Checking defaults for PU/pdf/m/n on input line 98.
LaTeX Font Info:    ... okay on input line 98.
LaTeX Info: Redefining \microtypecontext on input line 98.
Package microtype Info: Applying patch `item' on input line 98.
Package microtype Info: Applying patch `toc' on input line 98.
Package microtype Info: Applying patch `eqnum' on input line 98.
Package microtype Info: Applying patch `footnote' on input line 98.
Package microtype Info: Applying patch `verbatim' on input line 98.
Package microtype Info: Generating PDF output.
Package microtype Info: Character protrusion enabled (level 2).
Package microtype Info: Using protrusion set `basicmath'.
Package microtype Info: Automatic font expansion enabled (level 2),
(microtype)             stretch: 20, shrink: 20, step: 1, non-selected.
Package microtype Info: Using default expansion set `alltext-nott'.
LaTeX Info: Redefining \showhyphens on input line 98.
Package microtype Info: No adjustment of tracking.
Package microtype Info: No adjustment of interword spacing.
Package microtype Info: No adjustment of character kerning.
(C:\Users\kydah\AppData\Local\Programs\MiKTeX\tex/latex/microtype\mt-cmr.cfg
File: mt-cmr.cfg 2013/05/19 v2.2 microtype config. file: Computer Modern Roman 
(RS)
)
(C:\Users\kydah\AppData\Local\Programs\MiKTeX\tex/context/base/mkii\supp-pdf.mk
ii
[Loading MPS to PDF converter (version 2006.09.02).]
\scratchcounter=\count310
\scratchdimen=\dimen276
\scratchbox=\box64
\nofMPsegments=\count311
\nofMParguments=\count312
\everyMPshowfont=\toks46
\MPscratchCnt=\count313
\MPscratchDim=\dimen277
\MPnumerator=\count314
\makeMPintoPDFobject=\count315
\everyMPtoPDFconversion=\toks47
)
(C:\Users\kydah\AppData\Local\Programs\MiKTeX\tex/latex/epstopdf-pkg\epstopdf-b
ase.sty
Package: epstopdf-base 2020-01-24 v2.11 Base part for package epstopdf
Package epstopdf-base Info: Redefining graphics rule for `.eps' on input line 4
85.

(C:\Users\kydah\AppData\Local\Programs\MiKTeX\tex/latex/00miktex\epstopdf-sys.c
fg
File: epstopdf-sys.cfg 2021/03/18 v2.0 Configuration of epstopdf for MiKTeX
))
*geometry* driver: auto-detecting
*geometry* detected driver: pdftex
*geometry* verbose mode - [ preamble ] result:
* driver: pdftex
* paper: <default>
* layout: <same size as paper>
* layoutoffset:(h,v)=(0.0pt,0.0pt)
* modes: 
* h-part:(L,W,R)=(72.26999pt, 469.75502pt, 72.26999pt)
* v-part:(T,H,B)=(72.26999pt, 650.43001pt, 72.26999pt)
* \paperwidth=614.295pt
* \paperheight=794.96999pt
* \textwidth=469.75502pt
* \textheight=650.43001pt
* \oddsidemargin=0.0pt
* \evensidemargin=0.0pt
* \topmargin=-37.0pt
* \headheight=12.0pt
* \headsep=25.0pt
* \topskip=10.0pt
* \footskip=30.0pt
* \marginparwidth=65.0pt
* \marginparsep=11.0pt
* \columnsep=10.0pt
* \skip\footins=9.0pt plus 4.0pt minus 2.0pt
* \hoffset=0.0pt
* \voffset=0.0pt
* \mag=1000
* \@twocolumnfalse
* \@twosidefalse
* \@mparswitchfalse
* \@reversemarginfalse
* (1in=72.27pt=25.4mm, 1cm=28.453pt)

LaTeX Font Info:    Trying to load font information for OT1+lmr on input line 9
8.
(C:\Users\kydah\AppData\Local\Programs\MiKTeX\tex/latex/lm\ot1lmr.fd
File: ot1lmr.fd 2015/05/01 v1.6.1 Font defs for Latin Modern
)
LaTeX Font Info:    Trying to load font information for OML+lmm on input line 9
8.
(C:\Users\kydah\AppData\Local\Programs\MiKTeX\tex/latex/lm\omllmm.fd
File: omllmm.fd 2015/05/01 v1.6.1 Font defs for Latin Modern
)
LaTeX Font Info:    Trying to load font information for OMS+lmsy on input line 
98.
(C:\Users\kydah\AppData\Local\Programs\MiKTeX\tex/latex/lm\omslmsy.fd
File: omslmsy.fd 2015/05/01 v1.6.1 Font defs for Latin Modern
)
LaTeX Font Info:    Trying to load font information for OMX+lmex on input line 
98.
(C:\Users\kydah\AppData\Local\Programs\MiKTeX\tex/latex/lm\omxlmex.fd
File: omxlmex.fd 2015/05/01 v1.6.1 Font defs for Latin Modern
)
LaTeX Font Info:    External font `lmex10' loaded for size
(Font)              <10> on input line 98.
LaTeX Font Info:    External font `lmex10' loaded for size
(Font)              <7> on input line 98.
LaTeX Font Info:    External font `lmex10' loaded for size
(Font)              <5> on input line 98.
LaTeX Font Info:    Trying to load font information for U+msa on input line 98.

(C:\Users\kydah\AppData\Local\Programs\MiKTeX\tex/latex/amsfonts\umsa.fd
File: umsa.fd 2013/01/14 v3.01 AMS symbols A
) (C:\Users\kydah\AppData\Local\Programs\MiKTeX\tex/latex/microtype\mt-msa.cfg
File: mt-msa.cfg 2006/02/04 v1.1 microtype config. file: AMS symbols (a) (RS)
)
LaTeX Font Info:    Trying to load font information for U+msb on input line 98.

(C:\Users\kydah\AppData\Local\Programs\MiKTeX\tex/latex/amsfonts\umsb.fd
File: umsb.fd 2013/01/14 v3.01 AMS symbols B
) (C:\Users\kydah\AppData\Local\Programs\MiKTeX\tex/latex/microtype\mt-msb.cfg
File: mt-msb.cfg 2005/06/01 v1.0 microtype config. file: AMS symbols (b) (RS)
)
LaTeX Font Info:    Trying to load font information for U+rsfs on input line 98
.
(C:\Users\kydah\AppData\Local\Programs\MiKTeX\tex/latex/jknappen\ursfs.fd
File: ursfs.fd 1998/03/24 rsfs font definition file (jk)
)
Package xypdf Info: Line width: 0.39998pt on input line 98.
Package hyperref Info: Link coloring OFF on input line 98.
LaTeX Font Info:    External font `lmex10' loaded for size
(Font)              <12> on input line 100.
LaTeX Font Info:    External font `lmex10' loaded for size
(Font)              <8> on input line 100.
LaTeX Font Info:    External font `lmex10' loaded for size
(Font)              <6> on input line 100.
<C:/Users/kydah/Documents/GitHub/availability-thermal-mbps/doc/manuscript-figur
es_files/figure-latex/fig-1_contact_comparison-1.pdf, id=3, 505.89pt x 361.35pt
>
File: C:/Users/kydah/Documents/GitHub/availability-thermal-mbps/doc/manuscript-
figures_files/figure-latex/fig-1_contact_comparison-1.pdf Graphic file (type pd
f)
<use C:/Users/kydah/Documents/GitHub/availability-thermal-mbps/doc/manuscript-f
igures_files/figure-latex/fig-1_contact_comparison-1.pdf>
Package pdftex.def Info: C:/Users/kydah/Documents/GitHub/availability-thermal-m
bps/doc/manuscript-figures_files/figure-latex/fig-1_contact_comparison-1.pdf  u
sed on input line 106.
(pdftex.def)             Requested size: 469.76265pt x 335.54477pt.
[1

{C:/Users/kydah/AppData/Local/MiKTeX/fonts/map/pdftex/pdftex.map}{C:/Users/kyda
h/AppData/Local/Programs/MiKTeX/fonts/enc/dvips/lm/lm-ec.enc}]
<C:/Users/kydah/Documents/GitHub/availability-thermal-mbps/doc/manuscript-figur
es_files/figure-latex/fig-3_MosquitoThermalTraits-1.pdf, id=13, 650.43pt x 433.
62pt>
File: C:/Users/kydah/Documents/GitHub/availability-thermal-mbps/doc/manuscript-
figures_files/figure-latex/fig-3_MosquitoThermalTraits-1.pdf Graphic file (type
 pdf)
<use C:/Users/kydah/Documents/GitHub/availability-thermal-mbps/doc/manuscript-f
igures_files/figure-latex/fig-3_MosquitoThermalTraits-1.pdf>
Package pdftex.def Info: C:/Users/kydah/Documents/GitHub/availability-thermal-m
bps/doc/manuscript-figures_files/figure-latex/fig-3_MosquitoThermalTraits-1.pdf
  used on input line 115.
(pdftex.def)             Requested size: 469.76817pt x 313.17879pt.
[2 <C:/Users/kydah/Documents/GitHub/availability-thermal-mbps/doc/manuscript-fi
gures_files/figure-latex/fig-1_contact_comparison-1.pdf>]
<C:/Users/kydah/Documents/GitHub/availability-thermal-mbps/doc/manuscript-figur
es_files/figure-latex/fig-4_R0_TPCs-1.pdf, id=26, 650.43pt x 433.62pt>
File: C:/Users/kydah/Documents/GitHub/availability-thermal-mbps/doc/manuscript-
figures_files/figure-latex/fig-4_R0_TPCs-1.pdf Graphic file (type pdf)
<use C:/Users/kydah/Documents/GitHub/availability-thermal-mbps/doc/manuscript-f
igures_files/figure-latex/fig-4_R0_TPCs-1.pdf>
Package pdftex.def Info: C:/Users/kydah/Documents/GitHub/availability-thermal-m
bps/doc/manuscript-figures_files/figure-latex/fig-4_R0_TPCs-1.pdf  used on inpu
t line 124.
(pdftex.def)             Requested size: 469.76817pt x 313.17879pt.
[3 <C:/Users/kydah/Documents/GitHub/availability-thermal-mbps/doc/manuscript-fi
gures_files/figure-latex/fig-3_MosquitoThermalTraits-1.pdf>]
<C:/Users/kydah/Documents/GitHub/availability-thermal-mbps/doc/manuscript-figur
es_files/figure-latex/fig-5_Topt-1.pdf, id=40, 650.43pt x 433.62pt>
File: C:/Users/kydah/Documents/GitHub/availability-thermal-mbps/doc/manuscript-
figures_files/figure-latex/fig-5_Topt-1.pdf Graphic file (type pdf)
<use C:/Users/kydah/Documents/GitHub/availability-thermal-mbps/doc/manuscript-f
igures_files/figure-latex/fig-5_Topt-1.pdf>
Package pdftex.def Info: C:/Users/kydah/Documents/GitHub/availability-thermal-m
bps/doc/manuscript-figures_files/figure-latex/fig-5_Topt-1.pdf  used on input l
ine 133.
(pdftex.def)             Requested size: 469.76817pt x 313.17879pt.
[4{C:/Users/kydah/AppData/Local/Programs/MiKTeX/fonts/enc/dvips/lm/lm-mathsy.en
c}{C:/Users/kydah/AppData/Local/Programs/MiKTeX/fonts/enc/dvips/lm/lm-rm.enc} <
C:/Users/kydah/Documents/GitHub/availability-thermal-mbps/doc/manuscript-figure
s_files/figure-latex/fig-4_R0_TPCs-1.pdf>]
<C:/Users/kydah/Documents/GitHub/availability-thermal-mbps/doc/manuscript-figur
es_files/figure-latex/fig-6_CT_Width-1.pdf, id=56, 650.43pt x 433.62pt>
File: C:/Users/kydah/Documents/GitHub/availability-thermal-mbps/doc/manuscript-
figures_files/figure-latex/fig-6_CT_Width-1.pdf Graphic file (type pdf)
<use C:/Users/kydah/Documents/GitHub/availability-thermal-mbps/doc/manuscript-f
igures_files/figure-latex/fig-6_CT_Width-1.pdf>
Package pdftex.def Info: C:/Users/kydah/Documents/GitHub/availability-thermal-m
bps/doc/manuscript-figures_files/figure-latex/fig-6_CT_Width-1.pdf  used on inp
ut line 142.
(pdftex.def)             Requested size: 469.76817pt x 313.17879pt.
[5{C:/Users/kydah/AppData/Local/Programs/MiKTeX/fonts/enc/dvips/lm/lm-mathit.en
c} <C:/Users/kydah/Documents/GitHub/availability-thermal-mbps/doc/manuscript-fi
gures_files/figure-latex/fig-5_Topt-1.pdf>]
<C:/Users/kydah/Documents/GitHub/availability-thermal-mbps/doc/manuscript-figur
es_files/figure-latex/fig-7_explain_sensitivity-1.pdf, id=71, 650.43pt x 433.62
pt>
File: C:/Users/kydah/Documents/GitHub/availability-thermal-mbps/doc/manuscript-
figures_files/figure-latex/fig-7_explain_sensitivity-1.pdf Graphic file (type p
df)
<use C:/Users/kydah/Documents/GitHub/availability-thermal-mbps/doc/manuscript-f
igures_files/figure-latex/fig-7_explain_sensitivity-1.pdf>
Package pdftex.def Info: C:/Users/kydah/Documents/GitHub/availability-thermal-m
bps/doc/manuscript-figures_files/figure-latex/fig-7_explain_sensitivity-1.pdf  
used on input line 151.
(pdftex.def)             Requested size: 469.76817pt x 313.17879pt.
[6 <C:/Users/kydah/Documents/GitHub/availability-thermal-mbps/doc/manuscript-fi
gures_files/figure-latex/fig-6_CT_Width-1.pdf>]
<C:/Users/kydah/Documents/GitHub/availability-thermal-mbps/doc/manuscript-figur
es_files/figure-latex/fig-S0_MosquitoDensity-1.pdf, id=85, 650.43pt x 433.62pt>

File: C:/Users/kydah/Documents/GitHub/availability-thermal-mbps/doc/manuscript-
figures_files/figure-latex/fig-S0_MosquitoDensity-1.pdf Graphic file (type pdf)

<use C:/Users/kydah/Documents/GitHub/availability-thermal-mbps/doc/manuscript-f
igures_files/figure-latex/fig-S0_MosquitoDensity-1.pdf>
Package pdftex.def Info: C:/Users/kydah/Documents/GitHub/availability-thermal-m
bps/doc/manuscript-figures_files/figure-latex/fig-S0_MosquitoDensity-1.pdf  use
d on input line 163.
(pdftex.def)             Requested size: 469.76817pt x 313.17879pt.
[7 <C:/Users/kydah/Documents/GitHub/availability-thermal-mbps/doc/manuscript-fi
gures_files/figure-latex/fig-7_explain_sensitivity-1.pdf>]
<C:/Users/kydah/Documents/GitHub/availability-thermal-mbps/doc/manuscript-figur
es_files/figure-latex/fig-S1_R0_heatmap_plots_all-1.pdf, id=100, 650.43pt x 794
.97pt>
File: C:/Users/kydah/Documents/GitHub/availability-thermal-mbps/doc/manuscript-
figures_files/figure-latex/fig-S1_R0_heatmap_plots_all-1.pdf Graphic file (type
 pdf)
<use C:/Users/kydah/Documents/GitHub/availability-thermal-mbps/doc/manuscript-f
igures_files/figure-latex/fig-S1_R0_heatmap_plots_all-1.pdf>
Package pdftex.def Info: C:/Users/kydah/Documents/GitHub/availability-thermal-m
bps/doc/manuscript-figures_files/figure-latex/fig-S1_R0_heatmap_plots_all-1.pdf
  used on input line 172.
(pdftex.def)             Requested size: 469.76817pt x 574.16112pt.
[8 <C:/Users/kydah/Documents/GitHub/availability-thermal-mbps/doc/manuscript-fi
gures_files/figure-latex/fig-S0_MosquitoDensity-1.pdf>]
Overfull \vbox (19.67554pt too high) has occurred while \output is active []

[9 <C:/Users/kydah/Documents/GitHub/availability-thermal-mbps/doc/manuscript-fi
gures_files/figure-latex/fig-S1_R0_heatmap_plots_all-1.pdf>]
<C:/Users/kydah/Documents/GitHub/availability-thermal-mbps/doc/manuscript-figur
es_files/figure-latex/fig-S2_Topt_plots_varyKH-1.pdf, id=126, 650.43pt x 433.62
pt>
File: C:/Users/kydah/Documents/GitHub/availability-thermal-mbps/doc/manuscript-
figures_files/figure-latex/fig-S2_Topt_plots_varyKH-1.pdf Graphic file (type pd
f)
<use C:/Users/kydah/Documents/GitHub/availability-thermal-mbps/doc/manuscript-f
igures_files/figure-latex/fig-S2_Topt_plots_varyKH-1.pdf>
Package pdftex.def Info: C:/Users/kydah/Documents/GitHub/availability-thermal-m
bps/doc/manuscript-figures_files/figure-latex/fig-S2_Topt_plots_varyKH-1.pdf  u
sed on input line 181.
(pdftex.def)             Requested size: 469.76817pt x 313.17879pt.
<C:/Users/kydah/Documents/GitHub/availability-thermal-mbps/doc/manuscript-figur
es_files/figure-latex/fig-S3_Topt_plots_varysigmaH-1.pdf, id=127, 650.43pt x 43
3.62pt>
File: C:/Users/kydah/Documents/GitHub/availability-thermal-mbps/doc/manuscript-
figures_files/figure-latex/fig-S3_Topt_plots_varysigmaH-1.pdf Graphic file (typ
e pdf)
<use C:/Users/kydah/Documents/GitHub/availability-thermal-mbps/doc/manuscript-f
igures_files/figure-latex/fig-S3_Topt_plots_varysigmaH-1.pdf>
Package pdftex.def Info: C:/Users/kydah/Documents/GitHub/availability-thermal-m
bps/doc/manuscript-figures_files/figure-latex/fig-S3_Topt_plots_varysigmaH-1.pd
f  used on input line 190.
(pdftex.def)             Requested size: 469.76817pt x 313.17879pt.
[10 <C:/Users/kydah/Documents/GitHub/availability-thermal-mbps/doc/manuscript-f
igures_files/figure-latex/fig-S2_Topt_plots_varyKH-1.pdf>]
<C:/Users/kydah/Documents/GitHub/availability-thermal-mbps/doc/manuscript-figur
es_files/figure-latex/fig-S4_CTmin-1.pdf, id=140, 650.43pt x 433.62pt>
File: C:/Users/kydah/Documents/GitHub/availability-thermal-mbps/doc/manuscript-
figures_files/figure-latex/fig-S4_CTmin-1.pdf Graphic file (type pdf)
<use C:/Users/kydah/Documents/GitHub/availability-thermal-mbps/doc/manuscript-f
igures_files/figure-latex/fig-S4_CTmin-1.pdf>
Package pdftex.def Info: C:/Users/kydah/Documents/GitHub/availability-thermal-m
bps/doc/manuscript-figures_files/figure-latex/fig-S4_CTmin-1.pdf  used on input
 line 199.
(pdftex.def)             Requested size: 469.76817pt x 313.17879pt.
[11 <C:/Users/kydah/Documents/GitHub/availability-thermal-mbps/doc/manuscript-f
igures_files/figure-latex/fig-S3_Topt_plots_varysigmaH-1.pdf>]
<C:/Users/kydah/Documents/GitHub/availability-thermal-mbps/doc/manuscript-figur
es_files/figure-latex/fig-S5_CTmax-1.pdf, id=153, 650.43pt x 433.62pt>
File: C:/Users/kydah/Documents/GitHub/availability-thermal-mbps/doc/manuscript-
figures_files/figure-latex/fig-S5_CTmax-1.pdf Graphic file (type pdf)
<use C:/Users/kydah/Documents/GitHub/availability-thermal-mbps/doc/manuscript-f
igures_files/figure-latex/fig-S5_CTmax-1.pdf>
Package pdftex.def Info: C:/Users/kydah/Documents/GitHub/availability-thermal-m
bps/doc/manuscript-figures_files/figure-latex/fig-S5_CTmax-1.pdf  used on input
 line 208.
(pdftex.def)             Requested size: 469.76817pt x 313.17879pt.
[12 <C:/Users/kydah/Documents/GitHub/availability-thermal-mbps/doc/manuscript-f
igures_files/figure-latex/fig-S4_CTmin-1.pdf>]
<C:/Users/kydah/Documents/GitHub/availability-thermal-mbps/doc/manuscript-figur
es_files/figure-latex/fig-S6_CT_Range-1.pdf, id=179, 650.43pt x 433.62pt>
File: C:/Users/kydah/Documents/GitHub/availability-thermal-mbps/doc/manuscript-
figures_files/figure-latex/fig-S6_CT_Range-1.pdf Graphic file (type pdf)
<use C:/Users/kydah/Documents/GitHub/availability-thermal-mbps/doc/manuscript-f
igures_files/figure-latex/fig-S6_CT_Range-1.pdf>
Package pdftex.def Info: C:/Users/kydah/Documents/GitHub/availability-thermal-m
bps/doc/manuscript-figures_files/figure-latex/fig-S6_CT_Range-1.pdf  used on in
put line 217.
(pdftex.def)             Requested size: 469.76817pt x 313.17879pt.
[13 <C:/Users/kydah/Documents/GitHub/availability-thermal-mbps/doc/manuscript-f
igures_files/figure-latex/fig-S5_CTmax-1.pdf>]
<C:/Users/kydah/Documents/GitHub/availability-thermal-mbps/doc/manuscript-figur
es_files/figure-latex/fig-S7_CT_distributions-1.pdf, id=206, 650.43pt x 433.62p
t>
File: C:/Users/kydah/Documents/GitHub/availability-thermal-mbps/doc/manuscript-
figures_files/figure-latex/fig-S7_CT_distributions-1.pdf Graphic file (type pdf
)
<use C:/Users/kydah/Documents/GitHub/availability-thermal-mbps/doc/manuscript-f
igures_files/figure-latex/fig-S7_CT_distributions-1.pdf>
Package pdftex.def Info: C:/Users/kydah/Documents/GitHub/availability-thermal-m
bps/doc/manuscript-figures_files/figure-latex/fig-S7_CT_distributions-1.pdf  us
ed on input line 226.
(pdftex.def)             Requested size: 469.76817pt x 313.17879pt.
[14 <C:/Users/kydah/Documents/GitHub/availability-thermal-mbps/doc/manuscript-f
igures_files/figure-latex/fig-S6_CT_Range-1.pdf>]
<C:/Users/kydah/Documents/GitHub/availability-thermal-mbps/doc/manuscript-figur
es_files/figure-latex/fig-S8_R0_sensitivity-1.pdf, id=219, 650.43pt x 433.62pt>

File: C:/Users/kydah/Documents/GitHub/availability-thermal-mbps/doc/manuscript-
figures_files/figure-latex/fig-S8_R0_sensitivity-1.pdf Graphic file (type pdf)
<use C:/Users/kydah/Documents/GitHub/availability-thermal-mbps/doc/manuscript-f
igures_files/figure-latex/fig-S8_R0_sensitivity-1.pdf>
Package pdftex.def Info: C:/Users/kydah/Documents/GitHub/availability-thermal-m
bps/doc/manuscript-figures_files/figure-latex/fig-S8_R0_sensitivity-1.pdf  used
 on input line 235.
(pdftex.def)             Requested size: 469.76817pt x 313.17879pt.
[15 <C:/Users/kydah/Documents/GitHub/availability-thermal-mbps/doc/manuscript-f
igures_files/figure-latex/fig-S7_CT_distributions-1.pdf>]
<C:/Users/kydah/Documents/GitHub/availability-thermal-mbps/doc/manuscript-figur
es_files/figure-latex/fig-S10_Topt_uncertainty-1.pdf, id=231, 650.43pt x 433.62
pt>
File: C:/Users/kydah/Documents/GitHub/availability-thermal-mbps/doc/manuscript-
figures_files/figure-latex/fig-S10_Topt_uncertainty-1.pdf Graphic file (type pd
f)
<use C:/Users/kydah/Documents/GitHub/availability-thermal-mbps/doc/manuscript-f
igures_files/figure-latex/fig-S10_Topt_uncertainty-1.pdf>
Package pdftex.def Info: C:/Users/kydah/Documents/GitHub/availability-thermal-m
bps/doc/manuscript-figures_files/figure-latex/fig-S10_Topt_uncertainty-1.pdf  u
sed on input line 244.
(pdftex.def)             Requested size: 469.76817pt x 313.17879pt.
[16 <C:/Users/kydah/Documents/GitHub/availability-thermal-mbps/doc/manuscript-f
igures_files/figure-latex/fig-S8_R0_sensitivity-1.pdf>]
<C:/Users/kydah/Documents/GitHub/availability-thermal-mbps/doc/manuscript-figur
es_files/figure-latex/fig-S11_CTmin_uncertainty-1.pdf, id=244, 650.43pt x 433.6
2pt>
File: C:/Users/kydah/Documents/GitHub/availability-thermal-mbps/doc/manuscript-
figures_files/figure-latex/fig-S11_CTmin_uncertainty-1.pdf Graphic file (type p
df)
<use C:/Users/kydah/Documents/GitHub/availability-thermal-mbps/doc/manuscript-f
igures_files/figure-latex/fig-S11_CTmin_uncertainty-1.pdf>
Package pdftex.def Info: C:/Users/kydah/Documents/GitHub/availability-thermal-m
bps/doc/manuscript-figures_files/figure-latex/fig-S11_CTmin_uncertainty-1.pdf  
used on input line 253.
(pdftex.def)             Requested size: 469.76817pt x 313.17879pt.
[17 <C:/Users/kydah/Documents/GitHub/availability-thermal-mbps/doc/manuscript-f
igures_files/figure-latex/fig-S10_Topt_uncertainty-1.pdf>]
<C:/Users/kydah/Documents/GitHub/availability-thermal-mbps/doc/manuscript-figur
es_files/figure-latex/fig-S12_CTmax_uncertainty-1.pdf, id=256, 650.43pt x 433.6
2pt>
File: C:/Users/kydah/Documents/GitHub/availability-thermal-mbps/doc/manuscript-
figures_files/figure-latex/fig-S12_CTmax_uncertainty-1.pdf Graphic file (type p
df)
<use C:/Users/kydah/Documents/GitHub/availability-thermal-mbps/doc/manuscript-f
igures_files/figure-latex/fig-S12_CTmax_uncertainty-1.pdf>
Package pdftex.def Info: C:/Users/kydah/Documents/GitHub/availability-thermal-m
bps/doc/manuscript-figures_files/figure-latex/fig-S12_CTmax_uncertainty-1.pdf  
used on input line 262.
(pdftex.def)             Requested size: 469.76817pt x 313.17879pt.
[18 <C:/Users/kydah/Documents/GitHub/availability-thermal-mbps/doc/manuscript-f
igures_files/figure-latex/fig-S11_CTmin_uncertainty-1.pdf>]
<C:/Users/kydah/Documents/GitHub/availability-thermal-mbps/doc/manuscript-figur
es_files/figure-latex/fig-S13_CTwidth_uncertainty-1.pdf, id=269, 650.43pt x 433
.62pt>
File: C:/Users/kydah/Documents/GitHub/availability-thermal-mbps/doc/manuscript-
figures_files/figure-latex/fig-S13_CTwidth_uncertainty-1.pdf Graphic file (type
 pdf)
<use C:/Users/kydah/Documents/GitHub/availability-thermal-mbps/doc/manuscript-f
igures_files/figure-latex/fig-S13_CTwidth_uncertainty-1.pdf>
Package pdftex.def Info: C:/Users/kydah/Documents/GitHub/availability-thermal-m
bps/doc/manuscript-figures_files/figure-latex/fig-S13_CTwidth_uncertainty-1.pdf
  used on input line 271.
(pdftex.def)             Requested size: 469.76817pt x 313.17879pt.
[19 <C:/Users/kydah/Documents/GitHub/availability-thermal-mbps/doc/manuscript-f
igures_files/figure-latex/fig-S12_CTmax_uncertainty-1.pdf>] [20 <C:/Users/kydah
/Documents/GitHub/availability-thermal-mbps/doc/manuscript-figures_files/figure
-latex/fig-S13_CTwidth_uncertainty-1.pdf>] (manuscript-figures.aux)
 ***********
LaTeX2e <2023-06-01> patch level 1
L3 programming layer <2023-06-30>
 ***********

LaTeX Warning: There were multiply-defined labels.

 ) 
Here is how much of TeX's memory you used:
 17454 strings out of 475551
 288371 string characters out of 5762554
 1922238 words of memory out of 5000000
 38188 multiletter control sequences out of 15000+600000
 616195 words of font info for 153 fonts, out of 8000000 for 9000
 1141 hyphenation exceptions out of 8191
 77i,7n,81p,3310b,449s stack positions out of 10000i,1000n,20000p,200000b,200000s
<C:/Users/kydah/AppData/Local/Programs/MiKTeX/fonts/type1/public/lm/lmbx12.pf
b><C:/Users/kydah/AppData/Local/Programs/MiKTeX/fonts/type1/public/lm/lmmi10.pf
b><C:/Users/kydah/AppData/Local/Programs/MiKTeX/fonts/type1/public/lm/lmmi7.pfb
><C:/Users/kydah/AppData/Local/Programs/MiKTeX/fonts/type1/public/lm/lmr10.pfb>
<C:/Users/kydah/AppData/Local/Programs/MiKTeX/fonts/type1/public/lm/lmr12.pfb><
C:/Users/kydah/AppData/Local/Programs/MiKTeX/fonts/type1/public/lm/lmr17.pfb><C
:/Users/kydah/AppData/Local/Programs/MiKTeX/fonts/type1/public/lm/lmr7.pfb><C:/
Users/kydah/AppData/Local/Programs/MiKTeX/fonts/type1/public/lm/lmri10.pfb><C:/
Users/kydah/AppData/Local/Programs/MiKTeX/fonts/type1/public/lm/lmsy10.pfb>
Output written on manuscript-figures.pdf (20 pages, 1835776 bytes).
PDF statistics:
 360 PDF objects out of 1000 (max. 8388607)
 44 named destinations out of 1000 (max. 500000)
 28784 words of extra memory for PDF output out of 29859 (max. 10000000)

